#
# There is insufficient memory for the Java Runtime Environment to continue.
# Native memory allocation (malloc) failed to allocate 1048576 bytes for AllocateHeap
# Possible reasons:
#   The system is out of physical RAM or swap space
#   In 32 bit mode, the process size limit was hit
# Possible solutions:
#   Reduce memory load on the system
#   Increase physical memory or swap space
#   Check if swap backing store is full
#   Use 64 bit Java on a 64 bit OS
#   Decrease Java heap size (-Xmx/-Xms)
#   Decrease number of Java threads
#   Decrease Java thread stack sizes (-Xss)
#   Set larger code cache with -XX:ReservedCodeCacheSize=
# This output file may be truncated or incomplete.
#
#  Out of Memory Error (memory/allocation.inline.hpp:61), pid=12096, tid=0x00000000000003b8
#
# JRE version:  (8.0_111-b14) (build )
# Java VM: Java HotSpot(TM) 64-Bit Server VM (25.111-b14 mixed mode windows-amd64 compressed oops)
# Failed to write core dump. Minidumps are not enabled by default on client versions of Windows
#

---------------  T H R E A D  ---------------

Current thread (0x0000000002d61000):  JavaThread "Unknown thread" [_thread_in_vm, id=952, stack(0x0000000002c60000,0x0000000002d60000)]

Stack: [0x0000000002c60000,0x0000000002d60000]
[error occurred during error reporting (printing stack bounds), id 0xc0000005]

Native frames: (J=compiled Java code, j=interpreted, Vv=VM code, C=native code)


---------------  P R O C E S S  ---------------

Java Threads: ( => current thread )

Other Threads:

=>0x0000000002d61000 (exited) JavaThread "Unknown thread" [_thread_in_vm, id=952, stack(0x0000000002c60000,0x0000000002d60000)]

VM state:not at safepoint (normal execution)

VM Mutex/Monitor currently owned by a thread: None

Heap:
 PSYoungGen      total 38400K, used 665K [0x00000000d5980000, 0x00000000d8400000, 0x0000000100000000)
  eden space 33280K, 2% used [0x00000000d5980000,0x00000000d5a26670,0x00000000d7a00000)
  from space 5120K, 0% used [0x00000000d7f00000,0x00000000d7f00000,0x00000000d8400000)
  to   space 5120K, 0% used [0x00000000d7a00000,0x00000000d7a00000,0x00000000d7f00000)
 ParOldGen       total 87552K, used 0K [0x0000000080c00000, 0x0000000086180000, 0x00000000d5980000)
  object space 87552K, 0% used [0x0000000080c00000,0x0000000080c00000,0x0000000086180000)
 Metaspace       used 770K, capacity 4480K, committed 4480K, reserved 1056768K
  class space    used 75K, capacity 384K, committed 384K, reserved 1048576K

Card table byte_map: [0x0000000012220000,0x0000000012620000] byte_map_base: 0x0000000011e1a000

Marking Bits: (ParMarkBitMap*) 0x000000006ff8a6c0
 Begin Bits: [0x00000000132d0000, 0x00000000152a0000)
 End Bits:   [0x00000000152a0000, 0x0000000017270000)

Polling page: 0x0000000000e40000

CodeCache: size=245760Kb used=327Kb max_used=327Kb free=245432Kb
 bounds [0x0000000002e60000, 0x00000000030d0000, 0x0000000011e60000]
 total_blobs=57 nmethods=0 adapters=38
 compilation: enabled

Compilation events (0 events):
No events

GC Heap History (0 events):
No events

Deoptimization events (0 events):
No events

Internal exceptions (0 events):
No events

Events (10 events):
Event: 0.022 loading class java/lang/Short
Event: 0.022 loading class java/lang/Short done
Event: 0.022 loading class java/lang/Integer
Event: 0.022 loading class java/lang/Integer done
Event: 0.022 loading class java/lang/Long
Event: 0.023 loading class java/lang/Long done
Event: 0.023 loading class java/lang/NullPointerException
Event: 0.023 loading class java/lang/NullPointerException done
Event: 0.023 loading class java/lang/ArithmeticException
Event: 0.023 loading class java/lang/ArithmeticException done


Dynamic libraries:
0x00007ff76f8a0000 - 0x00007ff76f8d7000 	D:\Program Installan\jdk1.8.0_111\bin\java.exe
0x00007fff5fd30000 - 0x00007fff5ff25000 	C:\Windows\SYSTEM32\ntdll.dll
0x00007fff5e5f0000 - 0x00007fff5e6ad000 	C:\Windows\System32\KERNEL32.DLL
0x00007fff5d570000 - 0x00007fff5d838000 	C:\Windows\System32\KERNELBASE.dll
0x00007fff5e7f0000 - 0x00007fff5e89c000 	C:\Windows\System32\ADVAPI32.dll
0x00007fff5e740000 - 0x00007fff5e7de000 	C:\Windows\System32\msvcrt.dll
0x00007fff5f000000 - 0x00007fff5f09b000 	C:\Windows\System32\sechost.dll
0x00007fff5eda0000 - 0x00007fff5eecb000 	C:\Windows\System32\RPCRT4.dll
0x00007fff5e450000 - 0x00007fff5e5f0000 	C:\Windows\System32\USER32.dll
0x00007fff5db00000 - 0x00007fff5db22000 	C:\Windows\System32\win32u.dll
0x00007fff5df20000 - 0x00007fff5df4a000 	C:\Windows\System32\GDI32.dll
0x00007fff5db30000 - 0x00007fff5dc3b000 	C:\Windows\System32\gdi32full.dll
0x00007fff5dcf0000 - 0x00007fff5dd8d000 	C:\Windows\System32\msvcp_win.dll
0x00007fff5d470000 - 0x00007fff5d570000 	C:\Windows\System32\ucrtbase.dll
0x00007fff50300000 - 0x00007fff5059a000 	C:\Windows\WinSxS\amd64_microsoft.windows.common-controls_6595b64144ccf1df_6.0.19041.844_none_ca00b6081b84eb1d\COMCTL32.dll
0x00007fff5e420000 - 0x00007fff5e450000 	C:\Windows\System32\IMM32.DLL
0x00000000715a0000 - 0x0000000071672000 	D:\Program Installan\jdk1.8.0_111\jre\bin\msvcr100.dll
0x000000006f770000 - 0x000000007000a000 	D:\Program Installan\jdk1.8.0_111\jre\bin\server\jvm.dll
0x00007fff5e6b0000 - 0x00007fff5e6b8000 	C:\Windows\System32\PSAPI.DLL
0x00007fff54950000 - 0x00007fff5495a000 	C:\Windows\SYSTEM32\VERSION.dll
0x00007fff531d0000 - 0x00007fff531f7000 	C:\Windows\SYSTEM32\WINMM.dll
0x00007fff5acc0000 - 0x00007fff5acc9000 	C:\Windows\SYSTEM32\WSOCK32.dll
0x00007fff5ec10000 - 0x00007fff5ec7b000 	C:\Windows\System32\WS2_32.dll
0x0000000071730000 - 0x000000007173f000 	D:\Program Installan\jdk1.8.0_111\jre\bin\verify.dll
0x0000000071530000 - 0x0000000071559000 	D:\Program Installan\jdk1.8.0_111\jre\bin\java.dll
0x0000000071510000 - 0x0000000071526000 	D:\Program Installan\jdk1.8.0_111\jre\bin\zip.dll

VM Arguments:
jvm_args: -Dfile.encoding=UTF-8 
java_command: Output.frmHero
java_class_path (initial): D:\Program Installan\NetBeans 8.2\java\modules\ext\AbsoluteLayout.jar;D:\Program Installan\NetBeans 8.2\ide\modules\ext\mysql-connector-java-5.1.23-bin.jar;D:\Kuliah\PBOL\UAS\build\classes
Launcher Type: SUN_STANDARD

Environment Variables:
PATH=C:\ProgramData\Oracle\Java\javapath;C:\Windows\system32;C:\Windows;C:\Windows\System32\Wbem;C:\Windows\System32\WindowsPowerShell\v1.0\;C:\Windows\System32\OpenSSH\;C:\Program Files\NVIDIA Corporation\NVIDIA NvDLISR;C:\Program Files (x86)\NVIDIA Corporation\PhysX\Common;C:\Users\johan\AppData\Local\Microsoft\WindowsApps;;D:\Program Installan\Microsoft VS Code\bin
USERNAME=johan
OS=Windows_NT
PROCESSOR_IDENTIFIER=AMD64 Family 23 Model 8 Stepping 2, AuthenticAMD



---------------  S Y S T E M  ---------------

OS: Windows 10.0 , 64 bit Build 19041 (10.0.19041.928)

CPU:total 12 (12 cores per cpu, 1 threads per core) family 23 model 8 stepping 2, cmov, cx8, fxsr, mmx, sse, sse2, sse3, ssse3, sse4.1, sse4.2, popcnt, avx, avx2, aes, clmul, mmxext, 3dnowpref, lzcnt, sse4a, tsc, tscinvbit, tscinv, bmi1

Memory: 4k page, physical 8338440k(284808k free), swap 22911924k(8216k free)

vm_info: Java HotSpot(TM) 64-Bit Server VM (25.111-b14) for windows-amd64 JRE (1.8.0_111-b14), built on Sep 22 2016 19:24:05 by "java_re" with MS VC++ 10.0 (VS2010)

time: Wed Jun 09 19:30:00 2021
elapsed time: 0 seconds (0d 0h 0m 0s)

